Performing C SOURCE FILE Test CMAKE_HAVE_LIBC_PTHREAD failed with the following output:
Change Dir: /Gallium-public/compiler/build/CMakeFiles/CMakeTmp

Run Build Command(s):/usr/sbin/make cmTC_7d6ed/fast && /usr/sbin/make  -f CMakeFiles/cmTC_7d6ed.dir/build.make CMakeFiles/cmTC_7d6ed.dir/build
make[1]: Entering directory '/Gallium-public/compiler/build/CMakeFiles/CMakeTmp'
Building C object CMakeFiles/cmTC_7d6ed.dir/src.c.o
/usr/sbin/cc -DCMAKE_HAVE_LIBC_PTHREAD   -o CMakeFiles/cmTC_7d6ed.dir/src.c.o -c /Gallium-public/compiler/build/CMakeFiles/CMakeTmp/src.c
Linking C executable cmTC_7d6ed
/usr/bin/cmake -E cmake_link_script CMakeFiles/cmTC_7d6ed.dir/link.txt --verbose=1
/usr/sbin/cc -rdynamic CMakeFiles/cmTC_7d6ed.dir/src.c.o -o cmTC_7d6ed 
/usr/sbin/ld: CMakeFiles/cmTC_7d6ed.dir/src.c.o: in function `main':
src.c:(.text+0x3e): undefined reference to `pthread_create'
/usr/sbin/ld: src.c:(.text+0x4a): undefined reference to `pthread_detach'
/usr/sbin/ld: src.c:(.text+0x56): undefined reference to `pthread_cancel'
/usr/sbin/ld: src.c:(.text+0x67): undefined reference to `pthread_join'
collect2: error: ld returned 1 exit status
make[1]: *** [CMakeFiles/cmTC_7d6ed.dir/build.make:106: cmTC_7d6ed] Error 1
make[1]: Leaving directory '/Gallium-public/compiler/build/CMakeFiles/CMakeTmp'
make: *** [Makefile:140: cmTC_7d6ed/fast] Error 2


Source file was:
#include <pthread.h>

static void* test_func(void* data)
{
  return data;
}

int main(void)
{
  pthread_t thread;
  pthread_create(&thread, NULL, test_func, NULL);
  pthread_detach(thread);
  pthread_cancel(thread);
  pthread_join(thread, NULL);
  pthread_atfork(NULL, NULL, NULL);
  pthread_exit(NULL);

  return 0;
}

Determining if the function pthread_create exists in the pthreads failed with the following output:
Change Dir: /Gallium-public/compiler/build/CMakeFiles/CMakeTmp

Run Build Command(s):/usr/sbin/make cmTC_88c3b/fast && /usr/sbin/make  -f CMakeFiles/cmTC_88c3b.dir/build.make CMakeFiles/cmTC_88c3b.dir/build
make[1]: Entering directory '/Gallium-public/compiler/build/CMakeFiles/CMakeTmp'
Building C object CMakeFiles/cmTC_88c3b.dir/CheckFunctionExists.c.o
/usr/sbin/cc   -DCHECK_FUNCTION_EXISTS=pthread_create -o CMakeFiles/cmTC_88c3b.dir/CheckFunctionExists.c.o -c /usr/share/cmake-3.19/Modules/CheckFunctionExists.c
Linking C executable cmTC_88c3b
/usr/bin/cmake -E cmake_link_script CMakeFiles/cmTC_88c3b.dir/link.txt --verbose=1
/usr/sbin/cc  -DCHECK_FUNCTION_EXISTS=pthread_create -rdynamic CMakeFiles/cmTC_88c3b.dir/CheckFunctionExists.c.o -o cmTC_88c3b  -lpthreads 
/usr/sbin/ld: cannot find -lpthreads
collect2: error: ld returned 1 exit status
make[1]: *** [CMakeFiles/cmTC_88c3b.dir/build.make:106: cmTC_88c3b] Error 1
make[1]: Leaving directory '/Gallium-public/compiler/build/CMakeFiles/CMakeTmp'
make: *** [Makefile:140: cmTC_88c3b/fast] Error 2



